<html>
<body>
<pre>
<h1>µVision Build Log</h1>
<h2>Tool Versions:</h2>
IDE-Version: µVision V5.27.1.0
Copyright (C) 2019 ARM Ltd and ARM Germany GmbH. All rights reserved.
License Information: Tran Hoang Duong, Enogy, LIC=----
 
Tool Versions:
Toolchain:       PK51 Prof. Develpers Kit  Version: 9.60.0.0
Toolchain Path:  C:\Keil_v5\C51\BIN
C Compiler:      C51.exe V9.60.0.0
Assembler:       A51.exe V8.2.7.0
Linker/Locator:  BL51.exe V6.22.2.0
Library Manager: LIB51.exe V4.30.1.0
Hex Converter:   OH51.exe V2.7.0.0
CPU DLL:         S8051.DLL V3.122.0.0
Dialog DLL:      DP51.DLL V2.67.0.0 
<h2>Project:</h2>
E:\enogy\code keilc\CBAS\lib\74hc595d.uvproj
Project File Date:  03/05/2020

<h2>Output:</h2>
Build target 'Target 1'
compiling Common.c...
..\..\..\material\N76E003_BSP_Keil_C51_V1.0.6\N76E003_BSP_Keil_C51_V1.0.6\Common\Common.c(15): warning C318: can't open file 'Common.h'
..\..\..\material\N76E003_BSP_Keil_C51_V1.0.6\N76E003_BSP_Keil_C51_V1.0.6\Common\Common.c(16): warning C318: can't open file 'Delay.h'
..\..\..\material\N76E003_BSP_Keil_C51_V1.0.6\N76E003_BSP_Keil_C51_V1.0.6\Common\Common.c(17): warning C318: can't open file 'SFR_Macro.h'
..\..\..\material\N76E003_BSP_Keil_C51_V1.0.6\N76E003_BSP_Keil_C51_V1.0.6\Common\Common.c(18): warning C318: can't open file 'Function_define.h'
..\..\..\material\N76E003_BSP_Keil_C51_V1.0.6\N76E003_BSP_Keil_C51_V1.0.6\Common\Common.c(23): error C141: syntax error near 'u32Baudrate', expected ')'
..\..\..\material\N76E003_BSP_Keil_C51_V1.0.6\N76E003_BSP_Keil_C51_V1.0.6\Common\Common.c(25): error C202: 'P06_Quasi_Mode': undefined identifier
..\..\..\material\N76E003_BSP_Keil_C51_V1.0.6\N76E003_BSP_Keil_C51_V1.0.6\Common\Common.c(26): error C202: 'P07_Quasi_Mode': undefined identifier
..\..\..\material\N76E003_BSP_Keil_C51_V1.0.6\N76E003_BSP_Keil_C51_V1.0.6\Common\Common.c(31): error C202: 'set_SMOD': undefined identifier
..\..\..\material\N76E003_BSP_Keil_C51_V1.0.6\N76E003_BSP_Keil_C51_V1.0.6\Common\Common.c(32): error C202: 'set_T1M': undefined identifier
..\..\..\material\N76E003_BSP_Keil_C51_V1.0.6\N76E003_BSP_Keil_C51_V1.0.6\Common\Common.c(33): error C202: 'clr_BRCK': undefined identifier
..\..\..\material\N76E003_BSP_Keil_C51_V1.0.6\N76E003_BSP_Keil_C51_V1.0.6\Common\Common.c(41): error C202: 'set_TR1': undefined identifier
..\..\..\material\N76E003_BSP_Keil_C51_V1.0.6\N76E003_BSP_Keil_C51_V1.0.6\Common\Common.c(42): error C202: 'set_TI': undefined identifier
..\..\..\material\N76E003_BSP_Keil_C51_V1.0.6\N76E003_BSP_Keil_C51_V1.0.6\Common\Common.c(45): error C141: syntax error near 'u32Baudrate', expected ')'
..\..\..\material\N76E003_BSP_Keil_C51_V1.0.6\N76E003_BSP_Keil_C51_V1.0.6\Common\Common.c(47): error C202: 'P06_Quasi_Mode': undefined identifier
..\..\..\material\N76E003_BSP_Keil_C51_V1.0.6\N76E003_BSP_Keil_C51_V1.0.6\Common\Common.c(48): error C202: 'P07_Quasi_Mode': undefined identifier
..\..\..\material\N76E003_BSP_Keil_C51_V1.0.6\N76E003_BSP_Keil_C51_V1.0.6\Common\Common.c(51): error C202: 'set_SMOD': undefined identifier
..\..\..\material\N76E003_BSP_Keil_C51_V1.0.6\N76E003_BSP_Keil_C51_V1.0.6\Common\Common.c(53): error C202: 'set_BRCK': undefined identifier
..\..\..\material\N76E003_BSP_Keil_C51_V1.0.6\N76E003_BSP_Keil_C51_V1.0.6\Common\Common.c(63): error C202: 'set_TR3': undefined identifier
..\..\..\material\N76E003_BSP_Keil_C51_V1.0.6\N76E003_BSP_Keil_C51_V1.0.6\Common\Common.c(64): error C202: 'set_TI': undefined identifier
..\..\..\material\N76E003_BSP_Keil_C51_V1.0.6\N76E003_BSP_Keil_C51_V1.0.6\Common\Common.c(67): error C129: missing ';' before 'Receive_Data_From_UART0'
compiling 74hc595.c...
74hc595.c(4): warning C318: can't open file 'SFR_Macro.h'
74hc595.c(5): warning C318: can't open file 'Function_define.h'
74hc595.c(6): warning C318: can't open file 'port.h'
74hc595.c(8): warning C318: can't open file '..\Include\74hc595.h'
74hc595.c(14): error C202: 'pnobl80517segledCtr_L1': undefined identifier
74hc595.c(15): error C202: 'pnobl80517segledCtr_L2': undefined identifier
74hc595.c(16): error C202: 'pnobl80517segledCtr_L3': undefined identifier
74hc595.c(17): error C202: 'pnobl80517segledCtr_L4': undefined identifier
74hc595.c(20): error C202: 'pnobl80517segledCtr_L1': undefined identifier
74hc595.c(21): error C202: 'pnobl80517segledCtr_L2': undefined identifier
74hc595.c(22): error C202: 'pnobl80517segledCtr_L3': undefined identifier
74hc595.c(23): error C202: 'pnobl80517segledCtr_L4': undefined identifier
74hc595.c(26): error C202: 'pnobl80517segledCtr_L1': undefined identifier
74hc595.c(27): error C202: 'pnobl80517segledCtr_L2': undefined identifier
74hc595.c(28): error C202: 'pnobl80517segledCtr_L3': undefined identifier
74hc595.c(29): error C202: 'pnobl80517segledCtr_L4': undefined identifier
74hc595.c(32): error C202: 'pnobl80517segledCtr_L1': undefined identifier
74hc595.c(33): error C202: 'pnobl80517segledCtr_L2': undefined identifier
74hc595.c(34): error C202: 'pnobl80517segledCtr_L3': undefined identifier
74hc595.c(35): error C202: 'pnobl80517segledCtr_L4': undefined identifier
74hc595.c(40): error C202: 'pnoGlb80517segmentSDI': undefined identifier
74hc595.c(41): error C202: 'pnoGlb80517segmentCLK': undefined identifier
74hc595.c(42): error C202: 'pnoGlb80517segmentCLK': undefined identifier
74hc595.c(44): error C202: 'pnoGlb80517segmentSTR': undefined identifier
74hc595.c(45): error C202: 'pnoGlb80517segmentSTR': undefined identifier
Target not created.
Build Time Elapsed:  00:00:01
</pre>
</body>
</html>
